<?xml version="1.0" encoding="UTF-8"?>
<robot generator="Robot 3.1.1 (Python 3.7.3 on win32)" generated="20190525 06:43:14.912" rpa="false">
<suite id="s1" name="TestSuite1" source="C:\Users\sumantu\workspace\RobotProject2\TestSuite1.robot">
<kw name="Log" library="BuiltIn" type="setup">
<doc>Logs the given message with the given level.</doc>
<arguments>
<arg>I am inside Test Suite</arg>
</arguments>
<msg timestamp="20190525 06:43:15.107" level="INFO">I am inside Test Suite</msg>
<status status="PASS" starttime="20190525 06:43:15.107" endtime="20190525 06:43:15.108"></status>
</kw>
<test id="s1-t1" name="MyFirstTest">
<kw name="Log" library="BuiltIn" type="setup">
<doc>Logs the given message with the given level.</doc>
<arguments>
<arg>I am inside Test Setup</arg>
</arguments>
<msg timestamp="20190525 06:43:15.110" level="INFO">I am inside Test Setup</msg>
<status status="PASS" starttime="20190525 06:43:15.110" endtime="20190525 06:43:15.110"></status>
</kw>
<kw name="Log" library="BuiltIn">
<doc>Logs the given message with the given level.</doc>
<arguments>
<arg>Hello World...</arg>
</arguments>
<msg timestamp="20190525 06:43:15.112" level="INFO">Hello World...</msg>
<status status="PASS" starttime="20190525 06:43:15.112" endtime="20190525 06:43:15.112"></status>
</kw>
<kw name="Log" library="BuiltIn" type="teardown">
<doc>Logs the given message with the given level.</doc>
<arguments>
<arg>I am inside TestSetup Teardown</arg>
</arguments>
<msg timestamp="20190525 06:43:15.112" level="INFO">I am inside TestSetup Teardown</msg>
<status status="PASS" starttime="20190525 06:43:15.112" endtime="20190525 06:43:15.112"></status>
</kw>
<tags>
<tag>smoke</tag>
</tags>
<status status="PASS" starttime="20190525 06:43:15.108" endtime="20190525 06:43:15.113" critical="yes"></status>
</test>
<test id="s1-t2" name="MyThirdTest">
<kw name="Log" library="BuiltIn" type="setup">
<doc>Logs the given message with the given level.</doc>
<arguments>
<arg>I am inside Test Setup</arg>
</arguments>
<msg timestamp="20190525 06:43:15.114" level="INFO">I am inside Test Setup</msg>
<status status="PASS" starttime="20190525 06:43:15.114" endtime="20190525 06:43:15.114"></status>
</kw>
<kw name="Log" library="BuiltIn">
<doc>Logs the given message with the given level.</doc>
<arguments>
<arg>I am inside Third Test</arg>
</arguments>
<msg timestamp="20190525 06:43:15.115" level="INFO">I am inside Third Test</msg>
<status status="PASS" starttime="20190525 06:43:15.115" endtime="20190525 06:43:15.115"></status>
</kw>
<kw name="Log" library="BuiltIn" type="teardown">
<doc>Logs the given message with the given level.</doc>
<arguments>
<arg>I am inside TestSetup Teardown</arg>
</arguments>
<msg timestamp="20190525 06:43:15.115" level="INFO">I am inside TestSetup Teardown</msg>
<status status="PASS" starttime="20190525 06:43:15.115" endtime="20190525 06:43:15.115"></status>
</kw>
<tags>
<tag>smoke</tag>
</tags>
<status status="PASS" starttime="20190525 06:43:15.114" endtime="20190525 06:43:15.115" critical="yes"></status>
</test>
<test id="s1-t3" name="MyFourthTest">
<kw name="Log" library="BuiltIn" type="setup">
<doc>Logs the given message with the given level.</doc>
<arguments>
<arg>I am inside Test Setup</arg>
</arguments>
<msg timestamp="20190525 06:43:15.117" level="INFO">I am inside Test Setup</msg>
<status status="PASS" starttime="20190525 06:43:15.116" endtime="20190525 06:43:15.117"></status>
</kw>
<kw name="Log" library="BuiltIn">
<doc>Logs the given message with the given level.</doc>
<arguments>
<arg>I am inside fourth Test</arg>
</arguments>
<msg timestamp="20190525 06:43:15.119" level="INFO">I am inside fourth Test</msg>
<status status="PASS" starttime="20190525 06:43:15.119" endtime="20190525 06:43:15.119"></status>
</kw>
<kw name="Log" library="BuiltIn" type="teardown">
<doc>Logs the given message with the given level.</doc>
<arguments>
<arg>I am inside TestSetup Teardown</arg>
</arguments>
<msg timestamp="20190525 06:43:15.119" level="INFO">I am inside TestSetup Teardown</msg>
<status status="PASS" starttime="20190525 06:43:15.119" endtime="20190525 06:43:15.119"></status>
</kw>
<tags>
<tag>regression</tag>
</tags>
<status status="PASS" starttime="20190525 06:43:15.116" endtime="20190525 06:43:15.120" critical="yes"></status>
</test>
<kw name="Log" library="BuiltIn" type="teardown">
<doc>Logs the given message with the given level.</doc>
<arguments>
<arg>I am inside Test Suite Teardown</arg>
</arguments>
<msg timestamp="20190525 06:43:15.121" level="INFO">I am inside Test Suite Teardown</msg>
<status status="PASS" starttime="20190525 06:43:15.121" endtime="20190525 06:43:15.121"></status>
</kw>
<status status="PASS" starttime="20190525 06:43:14.913" endtime="20190525 06:43:15.121"></status>
</suite>
<statistics>
<total>
<stat pass="3" fail="0">Critical Tests</stat>
<stat pass="3" fail="0">All Tests</stat>
</total>
<tag>
<stat pass="1" fail="0">regression</stat>
<stat pass="2" fail="0">smoke</stat>
</tag>
<suite>
<stat pass="3" fail="0" id="s1" name="TestSuite1">TestSuite1</stat>
</suite>
</statistics>
<errors>
</errors>
</robot>
